Build started 21/03/2014 10:10:04.
     1>Project "C:\Users\Liam\Desktop\Image_Manipulator\apps\myApps\BitmapFX\BitmapFX.vcxproj" on node 2 (Build target(s)).
     1>Link:
         C:\Program Files (x86)\Microsoft Visual Studio 11.0\VC\bin\link.exe /ERRORREPORT:PROMPT /OUT:"bin\BitmapFX.exe" /INCREMENTAL:NO /NOLOGO /LIBPATH:..\..\..\libs\glut\lib\vs /LIBPATH:..\..\..\libs\glfw\lib\vs /LIBPATH:..\..\..\libs\rtAudio\lib\vs /LIBPATH:..\..\..\libs\FreeImage\lib\vs /LIBPATH:..\..\..\libs\freetype\lib\vs /LIBPATH:..\..\..\libs\quicktime\lib\vs /LIBPATH:..\..\..\libs\fmodex\lib\vs /LIBPATH:..\..\..\libs\videoInput\lib\vs /LIBPATH:..\..\..\libs\cairo\lib\vs /LIBPATH:..\..\..\libs\glew\lib\vs /LIBPATH:..\..\..\libs\glu\lib\vs /LIBPATH:..\..\..\libs\openssl\lib\vs /LIBPATH:..\..\..\libs\Poco\lib\vs /LIBPATH:..\..\..\libs\tess2\lib\vs "cairo-static.lib" "pixman-1.lib" msimg32.lib OpenGL32.lib GLu32.lib kernel32.lib setupapi.lib Vfw32.lib comctl32.lib glut32.lib rtAudio.lib videoInput.lib libfreetype.lib FreeImage.lib qtmlClient.lib dsound.lib user32.lib gdi32.lib winspool.lib comdlg32.lib advapi32.lib shell32.lib ole32.lib oleaut32.lib uuid.lib glew32s.lib fmodex_vc.lib glu32.lib crypt32.lib libeay32MD.lib ssleay32MD.lib PocoFoundationmd.lib PocoNetmd.lib PocoUtilmd.lib PocoXMLmd.lib Ws2_32.lib tess2.lib glfw3.lib kernel32.lib user32.lib gdi32.lib winspool.lib comdlg32.lib advapi32.lib shell32.lib ole32.lib oleaut32.lib uuid.lib odbc32.lib odbccp32.lib /NODEFAULTLIB:PocoFoundationd.lib /NODEFAULTLIB:atlthunk.lib /NODEFAULTLIB:LIBC.lib /NODEFAULTLIB:LIBCMT /MANIFEST /MANIFESTUAC:"level='asInvoker' uiAccess='false'" /manifest:embed /PDB:"bin\BitmapFX.pdb" /SUBSYSTEM:CONSOLE /OPT:REF /OPT:ICF /LTCG /TLBID:1 /DYNAMICBASE:NO /NXCOMPAT /IMPLIB:"bin\BitmapFX.lib" /MACHINE:X86 /SAFESEH obj\Release\icon.res
         obj\Release\main.obj
         obj\Release\App.obj
         obj\Release\ofxBaseGui.obj
         obj\Release\ofxButton.obj
         obj\Release\ofxGuiGroup.obj
         obj\Release\ofxLabel.obj
         obj\Release\ofxPanel.obj
         obj\Release\ofxSlider.obj
         obj\Release\ofxSliderGroup.obj
         obj\Release\ofxToggle.obj
         obj\Release\ofxOscBundle.obj
         obj\Release\ofxOscMessage.obj
         obj\Release\ofxOscParameterSync.obj
         obj\Release\ofxOscReceiver.obj
         obj\Release\ofxOscSender.obj
         obj\Release\IpEndpointName.obj
         obj\Release\NetworkingUtils.obj
         obj\Release\UdpSocket.obj
         obj\Release\NetworkingUtilsWin.obj
         obj\Release\UdpSocketWin.obj
         obj\Release\OscOutboundPacketStream.obj
         obj\Release\OscPrintReceivedElements.obj
         obj\Release\OscReceivedElements.obj
         obj\Release\OscTypes.obj
         obj\Release\ofxXmlSettings.obj
         obj\Release\tinyxml.obj
         obj\Release\tinyxmlerror.obj
         obj\Release\tinyxmlparser.obj
         obj\Release\ofxTouchGUI.obj
         obj\Release\ofxTouchGUIBase.obj
         obj\Release\ofxTouchGUIButton.obj
         obj\Release\ofxTouchGUIDataGraph.obj
         obj\Release\ofxTouchGUIDropDown.obj
         obj\Release\ofxTouchGUISlider.obj
         obj\Release\ofxTouchGUIText.obj
         obj\Release\ofxTouchGUITextInput.obj
         obj\Release\ofxTouchGUIToggleButton.obj
         C:\Users\Liam\Desktop\Image_Manipulator\libs\openFrameworksCompiled\lib\vs\openframeworksLib.lib
            Creating library bin\BitmapFX.lib and object bin\BitmapFX.exp
         LINK : /LTCG specified but no code generation required; remove /LTCG from the link command line to improve linker performance
         BitmapFX.vcxproj -> C:\Users\Liam\Desktop\Image_Manipulator\apps\myApps\BitmapFX\bin\BitmapFX.exe
       PostBuildEvent:
         xcopy /e /i /y "C:\Users\Liam\Desktop\Image_Manipulator\apps\myApps\BitmapFX\..\..\..\export\vs\*.dll" "C:\Users\Liam\Desktop\Image_Manipulator\apps\myApps\BitmapFX\bin"
         :VCEnd
         C:\Users\Liam\Desktop\Image_Manipulator\apps\myApps\BitmapFX\..\..\..\export\vs\Assimp32.dll
         C:\Users\Liam\Desktop\Image_Manipulator\apps\myApps\BitmapFX\..\..\..\export\vs\fmodex.dll
         C:\Users\Liam\Desktop\Image_Manipulator\apps\myApps\BitmapFX\..\..\..\export\vs\fmodexL.dll
         C:\Users\Liam\Desktop\Image_Manipulator\apps\myApps\BitmapFX\..\..\..\export\vs\FreeImage.dll
         C:\Users\Liam\Desktop\Image_Manipulator\apps\myApps\BitmapFX\..\..\..\export\vs\FreeType-6.dll
         C:\Users\Liam\Desktop\Image_Manipulator\apps\myApps\BitmapFX\..\..\..\export\vs\glut32.dll
         C:\Users\Liam\Desktop\Image_Manipulator\apps\myApps\BitmapFX\..\..\..\export\vs\libeay32.dll
         C:\Users\Liam\Desktop\Image_Manipulator\apps\myApps\BitmapFX\..\..\..\export\vs\ssleay32.dll
         C:\Users\Liam\Desktop\Image_Manipulator\apps\myApps\BitmapFX\..\..\..\export\vs\Zlib.dll
         9 File(s) copied
     1>Done Building Project "C:\Users\Liam\Desktop\Image_Manipulator\apps\myApps\BitmapFX\BitmapFX.vcxproj" (Build target(s)).

Build succeeded.

Time Elapsed 00:00:01.61
